生成启动时间为 2014/10/11 18:18:36。
     1>项目“D:\svn\trunk\client\tools\tools\FormatExportJson\FormatExportJson\FormatExportJson.vcxproj”在节点 2 上(build 个目标)。
     1>InitializeBuildStatus:
         正在创建“Release\FormatExportJson.unsuccessfulbuild”，因为已指定“AlwaysCreate”。
       ClCompile:
         C:\Program Files (x86)\Microsoft Visual Studio 10.0\VC\bin\CL.exe /c /Zi /nologo /W3 /WX- /O2 /Oi /Oy- /GL /D WIN32 /D NDEBUG /D _CONSOLE /D _UNICODE /D UNICODE /Gm- /EHsc /MD /GS /Gy /fp:precise /Zc:wchar_t /Zc:forScope /Fo"Release\\" /Fd"Release\vc100.pdb" /Gd /TP /analyze- /errorReport:prompt CBrowseDir.cpp
         CBrowseDir.cpp
     1>CBrowseDir.cpp(5): warning C4996: 'getcwd': The POSIX name for this item is deprecated. Instead, use the ISO C++ conformant name: _getcwd. See online help for details.
                 C:\Program Files (x86)\Microsoft Visual Studio 10.0\VC\include\direct.h(117) : 参见“getcwd”的声明
     1>CBrowseDir.cpp(10): warning C4996: 'strcat': This function or variable may be unsafe. Consider using strcat_s instead. To disable deprecation, use _CRT_SECURE_NO_WARNINGS. See online help for details.
                 C:\Program Files (x86)\Microsoft Visual Studio 10.0\VC\include\string.h(110) : 参见“strcat”的声明
     1>CBrowseDir.cpp(26): warning C4996: 'strcat': This function or variable may be unsafe. Consider using strcat_s instead. To disable deprecation, use _CRT_SECURE_NO_WARNINGS. See online help for details.
                 C:\Program Files (x86)\Microsoft Visual Studio 10.0\VC\include\string.h(110) : 参见“strcat”的声明
     1>CBrowseDir.cpp(53): warning C4996: 'strcpy': This function or variable may be unsafe. Consider using strcpy_s instead. To disable deprecation, use _CRT_SECURE_NO_WARNINGS. See online help for details.
                 C:\Program Files (x86)\Microsoft Visual Studio 10.0\VC\include\string.h(105) : 参见“strcpy”的声明
     1>CBrowseDir.cpp(54): warning C4996: 'strcat': This function or variable may be unsafe. Consider using strcat_s instead. To disable deprecation, use _CRT_SECURE_NO_WARNINGS. See online help for details.
                 C:\Program Files (x86)\Microsoft Visual Studio 10.0\VC\include\string.h(110) : 参见“strcat”的声明
     1>CBrowseDir.cpp(81): warning C4996: 'strcpy': This function or variable may be unsafe. Consider using strcpy_s instead. To disable deprecation, use _CRT_SECURE_NO_WARNINGS. See online help for details.
                 C:\Program Files (x86)\Microsoft Visual Studio 10.0\VC\include\string.h(105) : 参见“strcpy”的声明
     1>CBrowseDir.cpp(82): warning C4996: 'strcat': This function or variable may be unsafe. Consider using strcat_s instead. To disable deprecation, use _CRT_SECURE_NO_WARNINGS. See online help for details.
                 C:\Program Files (x86)\Microsoft Visual Studio 10.0\VC\include\string.h(110) : 参见“strcat”的声明
     1>CBrowseDir.cpp(83): warning C4996: 'strcat': This function or variable may be unsafe. Consider using strcat_s instead. To disable deprecation, use _CRT_SECURE_NO_WARNINGS. See online help for details.
                 C:\Program Files (x86)\Microsoft Visual Studio 10.0\VC\include\string.h(110) : 参见“strcat”的声明
     1>CBrowseDir.cpp(195): warning C4996: 'getcwd': The POSIX name for this item is deprecated. Instead, use the ISO C++ conformant name: _getcwd. See online help for details.
                 C:\Program Files (x86)\Microsoft Visual Studio 10.0\VC\include\direct.h(117) : 参见“getcwd”的声明
       Link:
         C:\Program Files (x86)\Microsoft Visual Studio 10.0\VC\bin\link.exe /ERRORREPORT:PROMPT /OUT:"D:\svn\trunk\client\tools\tools\FormatExportJson\Release\FormatExportJson.exe" /INCREMENTAL:NO /NOLOGO kernel32.lib user32.lib gdi32.lib winspool.lib comdlg32.lib advapi32.lib shell32.lib ole32.lib oleaut32.lib uuid.lib odbc32.lib odbccp32.lib /MANIFEST /ManifestFile:"Release\FormatExportJson.exe.intermediate.manifest" /MANIFESTUAC:"level='asInvoker' uiAccess='false'" /DEBUG /PDB:"D:\svn\trunk\client\tools\tools\FormatExportJson\Release\FormatExportJson.pdb" /SUBSYSTEM:CONSOLE /OPT:REF /OPT:ICF /LTCG /TLBID:1 /DYNAMICBASE /NXCOMPAT /IMPLIB:"D:\svn\trunk\client\tools\tools\FormatExportJson\Release\FormatExportJson.lib" /MACHINE:X86 Release\CBrowseDir.obj
         正在生成代码
         已完成代码的生成
         FormatExportJson.vcxproj -> D:\svn\trunk\client\tools\tools\FormatExportJson\Release\FormatExportJson.exe
       Manifest:
         C:\Program Files (x86)\Microsoft SDKs\Windows\v7.0A\bin\mt.exe /nologo /verbose /outputresource:"D:\svn\trunk\client\tools\tools\FormatExportJson\Release\FormatExportJson.exe;#1" /manifest Release\FormatExportJson.exe.intermediate.manifest
       FinalizeBuildStatus:
         正在删除文件“Release\FormatExportJson.unsuccessfulbuild”。
         正在对“Release\FormatExportJson.lastbuildstate”执行 Touch 任务。
     1>已完成生成项目“D:\svn\trunk\client\tools\tools\FormatExportJson\FormatExportJson\FormatExportJson.vcxproj”(build 个目标)的操作。

生成成功。

已用时间 00:00:00.92
