生成启动时间为 2014/10/11 18:19:08。
     1>项目“D:\svn\trunk\client\tools\tools\MakeUpdataFile\MakeUpdataFile\MakeUpdataFile.vcxproj”在节点 2 上(build 个目标)。
     1>PrepareForBuild:
         正在创建目录“D:\svn\trunk\client\tools\tools\MakeUpdataFile\Release\”。
       InitializeBuildStatus:
         正在创建“Release\MakeUpdataFile.unsuccessfulbuild”，因为已指定“AlwaysCreate”。
       ClCompile:
         C:\Program Files (x86)\Microsoft Visual Studio 10.0\VC\bin\CL.exe /c /Zi /nologo /W3 /WX- /O2 /Oi /Oy- /GL /D WIN32 /D _WINDOWS /D NDEBUG /D _UNICODE /D UNICODE /D _AFXDLL /Gm- /EHsc /MD /GS /Gy /fp:precise /Zc:wchar_t /Zc:forScope /Yc"StdAfx.h" /Fp"Release\MakeUpdataFile.pch" /Fo"Release\\" /Fd"Release\vc100.pdb" /Gd /TP /analyze- /errorReport:prompt stdafx.cpp
         stdafx.cpp
         C:\Program Files (x86)\Microsoft Visual Studio 10.0\VC\bin\CL.exe /c /Zi /nologo /W3 /WX- /O2 /Oi /Oy- /GL /D WIN32 /D _WINDOWS /D NDEBUG /D _UNICODE /D UNICODE /D _AFXDLL /Gm- /EHsc /MD /GS /Gy /fp:precise /Zc:wchar_t /Zc:forScope /Yu"StdAfx.h" /Fp"Release\MakeUpdataFile.pch" /Fo"Release\\" /Fd"Release\vc100.pdb" /Gd /TP /analyze- /errorReport:prompt MakeUpdataFile.cpp MakeUpdataFileDlg.cpp MD5Checksum.cpp
         MakeUpdataFile.cpp
         MakeUpdataFileDlg.cpp
     1>MakeUpdataFileDlg.cpp(129): warning C4996: 'wcscpy': This function or variable may be unsafe. Consider using wcscpy_s instead. To disable deprecation, use _CRT_SECURE_NO_WARNINGS. See online help for details.
                 C:\Program Files (x86)\Microsoft Visual Studio 10.0\VC\include\string.h(283) : 参见“wcscpy”的声明
     1>MakeUpdataFileDlg.cpp(130): warning C4996: 'wcscat': This function or variable may be unsafe. Consider using wcscat_s instead. To disable deprecation, use _CRT_SECURE_NO_WARNINGS. See online help for details.
                 C:\Program Files (x86)\Microsoft Visual Studio 10.0\VC\include\string.h(276) : 参见“wcscat”的声明
     1>MakeUpdataFileDlg.cpp(293): warning C4996: 'wcscat': This function or variable may be unsafe. Consider using wcscat_s instead. To disable deprecation, use _CRT_SECURE_NO_WARNINGS. See online help for details.
                 C:\Program Files (x86)\Microsoft Visual Studio 10.0\VC\include\string.h(276) : 参见“wcscat”的声明
         MD5Checksum.cpp
       ResourceCompile:
         C:\Program Files (x86)\Microsoft SDKs\Windows\v7.0A\bin\rc.exe /D NDEBUG /D _UNICODE /D UNICODE /D _AFXDLL /l"0x0804" /IRelease\ /nologo /fo"Release\MakeUpdataFile.res" MakeUpdataFile.rc 
       Link:
         C:\Program Files (x86)\Microsoft Visual Studio 10.0\VC\bin\link.exe /ERRORREPORT:PROMPT /OUT:"D:\svn\trunk\client\tools\tools\MakeUpdataFile\Release\MakeUpdataFile.exe" /INCREMENTAL:NO /NOLOGO /MANIFEST /ManifestFile:"Release\MakeUpdataFile.exe.intermediate.manifest" /MANIFESTUAC:"level='asInvoker' uiAccess='false'" /DEBUG /PDB:"D:\svn\trunk\client\tools\tools\MakeUpdataFile\Release\MakeUpdataFile.pdb" /SUBSYSTEM:WINDOWS /OPT:REF /OPT:ICF /LTCG /TLBID:1 /ENTRY:"wWinMainCRTStartup" /DYNAMICBASE /NXCOMPAT /IMPLIB:"D:\svn\trunk\client\tools\tools\MakeUpdataFile\Release\MakeUpdataFile.lib" /MACHINE:X86 Release\MakeUpdataFile.res
         Release\MakeUpdataFile.obj
         Release\MakeUpdataFileDlg.obj
         Release\MD5Checksum.obj
         Release\stdafx.obj
         正在生成代码
         已完成代码的生成
         MakeUpdataFile.vcxproj -> D:\svn\trunk\client\tools\tools\MakeUpdataFile\Release\MakeUpdataFile.exe
       Manifest:
         C:\Program Files (x86)\Microsoft SDKs\Windows\v7.0A\bin\mt.exe /nologo /verbose /outputresource:"D:\svn\trunk\client\tools\tools\MakeUpdataFile\Release\MakeUpdataFile.exe;#1" /manifest Release\MakeUpdataFile.exe.intermediate.manifest "C:\Program Files (x86)\Microsoft Visual Studio 10.0\VC\Include\Manifest\dpiaware.manifest"
       FinalizeBuildStatus:
         正在删除文件“Release\MakeUpdataFile.unsuccessfulbuild”。
         正在对“Release\MakeUpdataFile.lastbuildstate”执行 Touch 任务。
     1>已完成生成项目“D:\svn\trunk\client\tools\tools\MakeUpdataFile\MakeUpdataFile\MakeUpdataFile.vcxproj”(build 个目标)的操作。

生成成功。

已用时间 00:00:04.52
