生成启动时间为 2014/10/11 18:19:32。
     1>项目“D:\svn\trunk\client\tools\tools\PngToRes\PngToRes\PngToRes.vcxproj”在节点 2 上(build 个目标)。
     1>PrepareForBuild:
         正在创建目录“D:\svn\trunk\client\tools\tools\PngToRes\Debug\”。
       InitializeBuildStatus:
         正在创建“Debug\PngToRes.unsuccessfulbuild”，因为已指定“AlwaysCreate”。
       ClCompile:
         C:\Program Files (x86)\Microsoft Visual Studio 10.0\VC\bin\CL.exe /c /ZI /nologo /W3 /WX- /Od /Oy- /D WIN32 /D _DEBUG /D _CONSOLE /D _UNICODE /D UNICODE /Gm /EHsc /RTC1 /MDd /GS /fp:precise /Zc:wchar_t /Zc:forScope /Yc"StdAfx.h" /Fp"Debug\PngToRes.pch" /Fo"Debug\\" /Fd"Debug\vc100.pdb" /Gd /TP /analyze- /errorReport:prompt stdafx.cpp
         stdafx.cpp
         C:\Program Files (x86)\Microsoft Visual Studio 10.0\VC\bin\CL.exe /c /ZI /nologo /W3 /WX- /Od /Oy- /D WIN32 /D _DEBUG /D _CONSOLE /D _UNICODE /D UNICODE /Gm /EHsc /RTC1 /MDd /GS /fp:precise /Zc:wchar_t /Zc:forScope /Yu"StdAfx.h" /Fp"Debug\PngToRes.pch" /Fo"Debug\\" /Fd"Debug\vc100.pdb" /Gd /TP /analyze- /errorReport:prompt PngToRes.cpp
         PngToRes.cpp
     1>d:\svn\trunk\client\tools\tools\pngtores\pngtores\pngtores.cpp(125): warning C4996: 'wcscpy': This function or variable may be unsafe. Consider using wcscpy_s instead. To disable deprecation, use _CRT_SECURE_NO_WARNINGS. See online help for details.
                 c:\program files (x86)\microsoft visual studio 10.0\vc\include\wchar.h(988) : 参见“wcscpy”的声明
     1>d:\svn\trunk\client\tools\tools\pngtores\pngtores\pngtores.cpp(126): warning C4996: 'wcscat': This function or variable may be unsafe. Consider using wcscat_s instead. To disable deprecation, use _CRT_SECURE_NO_WARNINGS. See online help for details.
                 c:\program files (x86)\microsoft visual studio 10.0\vc\include\wchar.h(981) : 参见“wcscat”的声明
     1>d:\svn\trunk\client\tools\tools\pngtores\pngtores\pngtores.cpp(174): warning C4129: “/”: 不可识别的字符转义序列
       ManifestResourceCompile:
         C:\Program Files (x86)\Microsoft SDKs\Windows\v7.0A\bin\rc.exe /nologo /fo"Debug\PngToRes.exe.embed.manifest.res" Debug\PngToRes_manifest.rc 
       Link:
         C:\Program Files (x86)\Microsoft Visual Studio 10.0\VC\bin\link.exe /ERRORREPORT:PROMPT /OUT:"D:\svn\trunk\client\tools\tools\PngToRes\Debug\PngToRes.exe" /INCREMENTAL /NOLOGO kernel32.lib user32.lib gdi32.lib winspool.lib comdlg32.lib advapi32.lib shell32.lib ole32.lib oleaut32.lib uuid.lib odbc32.lib odbccp32.lib /MANIFEST /ManifestFile:"Debug\PngToRes.exe.intermediate.manifest" /MANIFESTUAC:"level='asInvoker' uiAccess='false'" /DEBUG /PDB:"D:\svn\trunk\client\tools\tools\PngToRes\Debug\PngToRes.pdb" /SUBSYSTEM:CONSOLE /TLBID:1 /DYNAMICBASE /NXCOMPAT /IMPLIB:"D:\svn\trunk\client\tools\tools\PngToRes\Debug\PngToRes.lib" /MACHINE:X86 Debug\PngToRes.exe.embed.manifest.res
         Debug\PngToRes.obj
         Debug\stdafx.obj
       Manifest:
         C:\Program Files (x86)\Microsoft SDKs\Windows\v7.0A\bin\mt.exe /nologo /verbose /out:"Debug\PngToRes.exe.embed.manifest" /manifest Debug\PngToRes.exe.intermediate.manifest
         C:\Program Files (x86)\Microsoft SDKs\Windows\v7.0A\bin\rc.exe /nologo /fo"Debug\PngToRes.exe.embed.manifest.res" Debug\PngToRes_manifest.rc 
       LinkEmbedManifest:
         C:\Program Files (x86)\Microsoft Visual Studio 10.0\VC\bin\link.exe /ERRORREPORT:PROMPT /OUT:"D:\svn\trunk\client\tools\tools\PngToRes\Debug\PngToRes.exe" /INCREMENTAL /NOLOGO kernel32.lib user32.lib gdi32.lib winspool.lib comdlg32.lib advapi32.lib shell32.lib ole32.lib oleaut32.lib uuid.lib odbc32.lib odbccp32.lib /MANIFEST /ManifestFile:"Debug\PngToRes.exe.intermediate.manifest" /MANIFESTUAC:"level='asInvoker' uiAccess='false'" /DEBUG /PDB:"D:\svn\trunk\client\tools\tools\PngToRes\Debug\PngToRes.pdb" /SUBSYSTEM:CONSOLE /TLBID:1 /DYNAMICBASE /NXCOMPAT /IMPLIB:"D:\svn\trunk\client\tools\tools\PngToRes\Debug\PngToRes.lib" /MACHINE:X86 Debug\PngToRes.exe.embed.manifest.res
         Debug\PngToRes.obj
         Debug\stdafx.obj
         PngToRes.vcxproj -> D:\svn\trunk\client\tools\tools\PngToRes\Debug\PngToRes.exe
       FinalizeBuildStatus:
         正在删除文件“Debug\PngToRes.unsuccessfulbuild”。
         正在对“Debug\PngToRes.lastbuildstate”执行 Touch 任务。
     1>已完成生成项目“D:\svn\trunk\client\tools\tools\PngToRes\PngToRes\PngToRes.vcxproj”(build 个目标)的操作。

生成成功。

已用时间 00:00:01.58
