生成启动时间为 2014/10/11 18:18:42。
     1>项目“D:\svn\trunk\client\tools\tools\FormatExportJson\FormatExportJson\FormatExportJson.vcxproj”在节点 2 上(build 个目标)。
     1>InitializeBuildStatus:
         正在创建“Debug\FormatExportJson.unsuccessfulbuild”，因为已指定“AlwaysCreate”。
       ClCompile:
         C:\Program Files (x86)\Microsoft Visual Studio 10.0\VC\bin\CL.exe /c /ZI /nologo /W3 /WX- /Od /Oy- /D WIN32 /D _DEBUG /D _CONSOLE /D _UNICODE /D UNICODE /Gm /EHsc /RTC1 /MDd /GS /fp:precise /Zc:wchar_t /Zc:forScope /Fo"Debug\\" /Fd"Debug\vc100.pdb" /Gd /TP /analyze- /errorReport:prompt CBrowseDir.cpp
         CBrowseDir.cpp
     1>d:\svn\trunk\client\tools\tools\formatexportjson\formatexportjson\cbrowsedir.cpp(5): warning C4996: 'getcwd': The POSIX name for this item is deprecated. Instead, use the ISO C++ conformant name: _getcwd. See online help for details.
                 c:\program files (x86)\microsoft visual studio 10.0\vc\include\direct.h(117) : 参见“getcwd”的声明
     1>d:\svn\trunk\client\tools\tools\formatexportjson\formatexportjson\cbrowsedir.cpp(10): warning C4996: 'strcat': This function or variable may be unsafe. Consider using strcat_s instead. To disable deprecation, use _CRT_SECURE_NO_WARNINGS. See online help for details.
                 c:\program files (x86)\microsoft visual studio 10.0\vc\include\string.h(110) : 参见“strcat”的声明
     1>d:\svn\trunk\client\tools\tools\formatexportjson\formatexportjson\cbrowsedir.cpp(26): warning C4996: 'strcat': This function or variable may be unsafe. Consider using strcat_s instead. To disable deprecation, use _CRT_SECURE_NO_WARNINGS. See online help for details.
                 c:\program files (x86)\microsoft visual studio 10.0\vc\include\string.h(110) : 参见“strcat”的声明
     1>d:\svn\trunk\client\tools\tools\formatexportjson\formatexportjson\cbrowsedir.cpp(53): warning C4996: 'strcpy': This function or variable may be unsafe. Consider using strcpy_s instead. To disable deprecation, use _CRT_SECURE_NO_WARNINGS. See online help for details.
                 c:\program files (x86)\microsoft visual studio 10.0\vc\include\string.h(105) : 参见“strcpy”的声明
     1>d:\svn\trunk\client\tools\tools\formatexportjson\formatexportjson\cbrowsedir.cpp(54): warning C4996: 'strcat': This function or variable may be unsafe. Consider using strcat_s instead. To disable deprecation, use _CRT_SECURE_NO_WARNINGS. See online help for details.
                 c:\program files (x86)\microsoft visual studio 10.0\vc\include\string.h(110) : 参见“strcat”的声明
     1>d:\svn\trunk\client\tools\tools\formatexportjson\formatexportjson\cbrowsedir.cpp(81): warning C4996: 'strcpy': This function or variable may be unsafe. Consider using strcpy_s instead. To disable deprecation, use _CRT_SECURE_NO_WARNINGS. See online help for details.
                 c:\program files (x86)\microsoft visual studio 10.0\vc\include\string.h(105) : 参见“strcpy”的声明
     1>d:\svn\trunk\client\tools\tools\formatexportjson\formatexportjson\cbrowsedir.cpp(82): warning C4996: 'strcat': This function or variable may be unsafe. Consider using strcat_s instead. To disable deprecation, use _CRT_SECURE_NO_WARNINGS. See online help for details.
                 c:\program files (x86)\microsoft visual studio 10.0\vc\include\string.h(110) : 参见“strcat”的声明
     1>d:\svn\trunk\client\tools\tools\formatexportjson\formatexportjson\cbrowsedir.cpp(83): warning C4996: 'strcat': This function or variable may be unsafe. Consider using strcat_s instead. To disable deprecation, use _CRT_SECURE_NO_WARNINGS. See online help for details.
                 c:\program files (x86)\microsoft visual studio 10.0\vc\include\string.h(110) : 参见“strcat”的声明
     1>d:\svn\trunk\client\tools\tools\formatexportjson\formatexportjson\cbrowsedir.cpp(195): warning C4996: 'getcwd': The POSIX name for this item is deprecated. Instead, use the ISO C++ conformant name: _getcwd. See online help for details.
                 c:\program files (x86)\microsoft visual studio 10.0\vc\include\direct.h(117) : 参见“getcwd”的声明
       ManifestResourceCompile:
         C:\Program Files (x86)\Microsoft SDKs\Windows\v7.0A\bin\rc.exe /nologo /fo"Debug\FormatExportJson.exe.embed.manifest.res" Debug\FormatExportJson_manifest.rc 
       Link:
         C:\Program Files (x86)\Microsoft Visual Studio 10.0\VC\bin\link.exe /ERRORREPORT:PROMPT /OUT:"D:\svn\trunk\client\tools\tools\FormatExportJson\Debug\FormatExportJson.exe" /INCREMENTAL /NOLOGO kernel32.lib user32.lib gdi32.lib winspool.lib comdlg32.lib advapi32.lib shell32.lib ole32.lib oleaut32.lib uuid.lib odbc32.lib odbccp32.lib /MANIFEST /ManifestFile:"Debug\FormatExportJson.exe.intermediate.manifest" /MANIFESTUAC:"level='asInvoker' uiAccess='false'" /DEBUG /PDB:"D:\svn\trunk\client\tools\tools\FormatExportJson\Debug\FormatExportJson.pdb" /SUBSYSTEM:CONSOLE /TLBID:1 /DYNAMICBASE /NXCOMPAT /IMPLIB:"D:\svn\trunk\client\tools\tools\FormatExportJson\Debug\FormatExportJson.lib" /MACHINE:X86 Debug\FormatExportJson.exe.embed.manifest.res
         Debug\CBrowseDir.obj
       Manifest:
         C:\Program Files (x86)\Microsoft SDKs\Windows\v7.0A\bin\mt.exe /nologo /verbose /out:"Debug\FormatExportJson.exe.embed.manifest" /manifest Debug\FormatExportJson.exe.intermediate.manifest
         所有输出均为最新。
       LinkEmbedManifest:
         所有输出均为最新。
         FormatExportJson.vcxproj -> D:\svn\trunk\client\tools\tools\FormatExportJson\Debug\FormatExportJson.exe
       FinalizeBuildStatus:
         正在删除文件“Debug\FormatExportJson.unsuccessfulbuild”。
         正在对“Debug\FormatExportJson.lastbuildstate”执行 Touch 任务。
     1>已完成生成项目“D:\svn\trunk\client\tools\tools\FormatExportJson\FormatExportJson\FormatExportJson.vcxproj”(build 个目标)的操作。

生成成功。

已用时间 00:00:00.91
