生成启动时间为 2014/10/11 18:20:01。
     1>项目“D:\svn\trunk\client\tools\tools\PngToRes\PngToRes\PngToRes.vcxproj”在节点 2 上(build 个目标)。
     1>PrepareForBuild:
         正在创建目录“D:\svn\trunk\client\tools\tools\PngToRes\Release\”。
       InitializeBuildStatus:
         正在创建“Release\PngToRes.unsuccessfulbuild”，因为已指定“AlwaysCreate”。
       ClCompile:
         C:\Program Files (x86)\Microsoft Visual Studio 10.0\VC\bin\CL.exe /c /Zi /nologo /W3 /WX- /O2 /Oi /Oy- /GL /D WIN32 /D NDEBUG /D _CONSOLE /D _UNICODE /D UNICODE /Gm- /EHsc /MD /GS /Gy /fp:precise /Zc:wchar_t /Zc:forScope /Yc"StdAfx.h" /Fp"Release\PngToRes.pch" /Fo"Release\\" /Fd"Release\vc100.pdb" /Gd /TP /analyze- /errorReport:prompt stdafx.cpp
         stdafx.cpp
         C:\Program Files (x86)\Microsoft Visual Studio 10.0\VC\bin\CL.exe /c /Zi /nologo /W3 /WX- /O2 /Oi /Oy- /GL /D WIN32 /D NDEBUG /D _CONSOLE /D _UNICODE /D UNICODE /Gm- /EHsc /MD /GS /Gy /fp:precise /Zc:wchar_t /Zc:forScope /Yu"StdAfx.h" /Fp"Release\PngToRes.pch" /Fo"Release\\" /Fd"Release\vc100.pdb" /Gd /TP /analyze- /errorReport:prompt PngToRes.cpp
         PngToRes.cpp
     1>PngToRes.cpp(125): warning C4996: 'wcscpy': This function or variable may be unsafe. Consider using wcscpy_s instead. To disable deprecation, use _CRT_SECURE_NO_WARNINGS. See online help for details.
                 C:\Program Files (x86)\Microsoft Visual Studio 10.0\VC\include\wchar.h(988) : 参见“wcscpy”的声明
     1>PngToRes.cpp(126): warning C4996: 'wcscat': This function or variable may be unsafe. Consider using wcscat_s instead. To disable deprecation, use _CRT_SECURE_NO_WARNINGS. See online help for details.
                 C:\Program Files (x86)\Microsoft Visual Studio 10.0\VC\include\wchar.h(981) : 参见“wcscat”的声明
     1>PngToRes.cpp(174): warning C4129: “/”: 不可识别的字符转义序列
       Link:
         C:\Program Files (x86)\Microsoft Visual Studio 10.0\VC\bin\link.exe /ERRORREPORT:PROMPT /OUT:"D:\svn\trunk\client\tools\tools\PngToRes\Release\PngToRes.exe" /INCREMENTAL:NO /NOLOGO kernel32.lib user32.lib gdi32.lib winspool.lib comdlg32.lib advapi32.lib shell32.lib ole32.lib oleaut32.lib uuid.lib odbc32.lib odbccp32.lib /MANIFEST /ManifestFile:"Release\PngToRes.exe.intermediate.manifest" /MANIFESTUAC:"level='asInvoker' uiAccess='false'" /DEBUG /PDB:"D:\svn\trunk\client\tools\tools\PngToRes\Release\PngToRes.pdb" /SUBSYSTEM:CONSOLE /OPT:REF /OPT:ICF /LTCG /TLBID:1 /DYNAMICBASE /NXCOMPAT /IMPLIB:"D:\svn\trunk\client\tools\tools\PngToRes\Release\PngToRes.lib" /MACHINE:X86 Release\PngToRes.obj
         Release\stdafx.obj
         正在生成代码
         已完成代码的生成
         PngToRes.vcxproj -> D:\svn\trunk\client\tools\tools\PngToRes\Release\PngToRes.exe
       Manifest:
         C:\Program Files (x86)\Microsoft SDKs\Windows\v7.0A\bin\mt.exe /nologo /verbose /outputresource:"D:\svn\trunk\client\tools\tools\PngToRes\Release\PngToRes.exe;#1" /manifest Release\PngToRes.exe.intermediate.manifest
       FinalizeBuildStatus:
         正在删除文件“Release\PngToRes.unsuccessfulbuild”。
         正在对“Release\PngToRes.lastbuildstate”执行 Touch 任务。
     1>已完成生成项目“D:\svn\trunk\client\tools\tools\PngToRes\PngToRes\PngToRes.vcxproj”(build 个目标)的操作。

生成成功。

已用时间 00:00:01.77
